<<<<<<< HEAD
Log initiated @ 11/14/2021, 10:49:46 AM
Log initiated @ 11/14/2021, 10:50:56 AM
Log initiated @ 11/14/2021, 11:58:54 AM
Log initiated @ 11/14/2021, 11:58:59 AM
Log initiated @ 11/14/2021, 11:59:45 AM
Log initiated @ 11/14/2021, 11:59:48 AM
Log initiated @ 11/14/2021, 11:59:50 AM
Log initiated @ 11/14/2021, 11:59:50 AM
Log initiated @ 11/14/2021, 12:01:03 PM
Log initiated @ 11/14/2021, 12:01:03 PM
Log initiated @ 11/14/2021, 12:01:05 PM
Log initiated @ 11/14/2021, 12:01:05 PM
Log initiated @ 11/14/2021, 12:01:33 PM
Log initiated @ 11/14/2021, 12:01:33 PM
Log initiated @ 11/14/2021, 12:01:50 PM
Log initiated @ 11/14/2021, 12:01:50 PM
Log initiated @ 11/14/2021, 12:01:55 PM
Log initiated @ 11/14/2021, 12:01:59 PM
Log initiated @ 11/14/2021, 12:02:02 PM
Log initiated @ 11/14/2021, 12:03:15 PM
Log initiated @ 11/14/2021, 12:09:53 PM
Log initiated @ 11/14/2021, 12:09:55 PM
Log initiated @ 11/14/2021, 12:10:02 PM
CustomStatement at Sun Nov 14 2021 12:11:11 GMT-0500 (Eastern Standard Time)Log initiated @ 11/14/2021, 5:03:10 PM
Log initiated @ 11/14/2021, 5:28:15 PM
Log initiated @ 11/19/2021, 4:39:17 PM
=======
Log initiated @ 11/14/2021, 10:49:46 AM
Log initiated @ 11/14/2021, 10:50:56 AM
Log initiated @ 11/14/2021, 11:58:54 AM
Log initiated @ 11/14/2021, 11:58:59 AM
Log initiated @ 11/14/2021, 11:59:45 AM
Log initiated @ 11/14/2021, 11:59:48 AM
Log initiated @ 11/14/2021, 11:59:50 AM
Log initiated @ 11/14/2021, 11:59:50 AM
Log initiated @ 11/14/2021, 12:01:03 PM
Log initiated @ 11/14/2021, 12:01:03 PM
Log initiated @ 11/14/2021, 12:01:05 PM
Log initiated @ 11/14/2021, 12:01:05 PM
Log initiated @ 11/14/2021, 12:01:33 PM
Log initiated @ 11/14/2021, 12:01:33 PM
Log initiated @ 11/14/2021, 12:01:50 PM
Log initiated @ 11/14/2021, 12:01:50 PM
Log initiated @ 11/14/2021, 12:01:55 PM
Log initiated @ 11/14/2021, 12:01:59 PM
Log initiated @ 11/14/2021, 12:02:02 PM
Log initiated @ 11/14/2021, 12:03:15 PM
Log initiated @ 11/14/2021, 12:09:53 PM
Log initiated @ 11/14/2021, 12:09:55 PM
Log initiated @ 11/14/2021, 12:10:02 PM
CustomStatement at Sun Nov 14 2021 12:11:11 GMT-0500 (Eastern Standard Time)Log initiated @ 11/14/2021, 5:03:10 PM
Log initiated @ 11/14/2021, 5:15:20 PM
Log initiated @ 11/14/2021, 5:29:03 PM
Log initiated @ 11/14/2021, 10:45:41 PM
Log initiated @ 11/14/2021, 10:48:57 PM
Log initiated @ 11/14/2021, 10:50:15 PM
test1 at Sun Nov 14 2021 22:50:51 GMT-0500 (Eastern Standard Time)
>>>>>>> ac9ccff2aaefdd419349d2d732be10f47a299327
Log initiated @ 11/19/2021, 4:41:15 PM
Log initiated @ 11/20/2021, 12:29:24 PM
Log initiated @ 11/20/2021, 7:37:40 PM
Log initiated @ 11/21/2021, 1:27:07 PM
Log initiated @ 11/23/2021, 11:44:21 AM
Log initiated @ 11/23/2021, 11:52:13 AM
